2023-06-29 15:44:22 - Starting CozastoreApplication using Java 17.0.7 on DESKTOP-SV59J3J with PID 10564 (D:\CyberSoft-20230506T043821Z-001\CyberSoft\Spring\10-05-2023-06-34-44-cozastore-3\cozastore\target\classes started by KietDev in D:\CyberSoft-20230506T043821Z-001\CyberSoft\Spring\10-05-2023-06-34-44-cozastore-3\cozastore)
2023-06-29 15:44:22 - No active profile set, falling back to 1 default profile: "default"
2023-06-29 15:44:22 - Devtools property defaults active! Set 'spring.devtools.add-properties' to 'false' to disable
2023-06-29 15:44:22 - For additional web related logging consider setting the 'logging.level.web' property to 'DEBUG'
2023-06-29 15:44:23 - Bootstrapping Spring Data JPA repositories in DEFAULT mode.
2023-06-29 15:44:23 - Finished Spring Data repository scanning in 56 ms. Found 7 JPA repository interfaces.
2023-06-29 15:44:23 - Tomcat initialized with port(s): 8080 (http)
2023-06-29 15:44:23 - Initializing ProtocolHandler ["http-nio-8080"]
2023-06-29 15:44:23 - Starting service [Tomcat]
2023-06-29 15:44:23 - Starting Servlet engine: [Apache Tomcat/9.0.74]
2023-06-29 15:44:23 - Initializing Spring embedded WebApplicationContext
2023-06-29 15:44:23 - Root WebApplicationContext: initialization completed in 1489 ms
2023-06-29 15:44:24 - HikariPool-1 - Starting...
2023-06-29 15:44:24 - HikariPool-1 - Start completed.
2023-06-29 15:44:25 - Initialized JPA EntityManagerFactory for persistence unit 'default'
2023-06-29 15:44:25 - Will secure any request with [org.springframework.security.web.session.DisableEncodeUrlFilter@3e1a2c42, org.springframework.security.web.context.request.async.WebAsyncManagerIntegrationFilter@288a2de3, org.springframework.security.web.context.SecurityContextPersistenceFilter@29bb5272, org.springframework.security.web.header.HeaderWriterFilter@330e6b3c, org.springframework.security.web.authentication.logout.LogoutFilter@59ba6989, com.cybersoft.cozastore.filter.JwtFilter@26b32df1, org.springframework.security.web.savedrequest.RequestCacheAwareFilter@31c7553a, org.springframework.security.web.servletapi.SecurityContextHolderAwareRequestFilter@6032908e, org.springframework.security.web.authentication.AnonymousAuthenticationFilter@1c34bb8a, org.springframework.security.web.session.SessionManagementFilter@fd7076c, org.springframework.security.web.access.ExceptionTranslationFilter@4ebbb79, org.springframework.security.web.access.intercept.AuthorizationFilter@3a058072]
2023-06-29 15:44:25 - spring.jpa.open-in-view is enabled by default. Therefore, database queries may be performed during view rendering. Explicitly configure spring.jpa.open-in-view to disable this warning
2023-06-29 15:44:25 - LiveReload server is running on port 35729
2023-06-29 15:44:25 - Starting ProtocolHandler ["http-nio-8080"]
2023-06-29 15:44:25 - Tomcat started on port(s): 8080 (http) with context path ''
2023-06-29 15:44:25 - Started CozastoreApplication in 3.828 seconds (JVM running for 4.568)
2023-06-29 15:44:39 - Closing JPA EntityManagerFactory for persistence unit 'default'
2023-06-29 15:44:39 - HikariPool-1 - Shutdown initiated...
2023-06-29 15:44:39 - HikariPool-1 - Shutdown completed.
2023-06-29 16:44:41 - Starting CozastoreApplication using Java 17.0.7 on DESKTOP-SV59J3J with PID 25312 (D:\CyberSoft-20230506T043821Z-001\CyberSoft\Spring\10-05-2023-06-34-44-cozastore-3\cozastore\target\classes started by KietDev in D:\CyberSoft-20230506T043821Z-001\CyberSoft\Spring\10-05-2023-06-34-44-cozastore-3\cozastore)
2023-06-29 16:44:41 - No active profile set, falling back to 1 default profile: "default"
2023-06-29 16:44:41 - Devtools property defaults active! Set 'spring.devtools.add-properties' to 'false' to disable
2023-06-29 16:44:41 - For additional web related logging consider setting the 'logging.level.web' property to 'DEBUG'
2023-06-29 16:44:42 - Multiple Spring Data modules found, entering strict repository configuration mode
2023-06-29 16:44:42 - Bootstrapping Spring Data JPA repositories in DEFAULT mode.
2023-06-29 16:44:42 - Finished Spring Data repository scanning in 118 ms. Found 7 JPA repository interfaces.
2023-06-29 16:44:42 - Multiple Spring Data modules found, entering strict repository configuration mode
2023-06-29 16:44:42 - Bootstrapping Spring Data Redis repositories in DEFAULT mode.
2023-06-29 16:44:42 - Spring Data Redis - Could not safely identify store assignment for repository candidate interface com.cybersoft.cozastore.repository.CategoryRepository; If you want this repository to be a Redis repository, consider annotating your entities with one of these annotations: org.springframework.data.redis.core.RedisHash (preferred), or consider extending one of the following types with your repository: org.springframework.data.keyvalue.repository.KeyValueRepository
2023-06-29 16:44:42 - Spring Data Redis - Could not safely identify store assignment for repository candidate interface com.cybersoft.cozastore.repository.ColorRepository; If you want this repository to be a Redis repository, consider annotating your entities with one of these annotations: org.springframework.data.redis.core.RedisHash (preferred), or consider extending one of the following types with your repository: org.springframework.data.keyvalue.repository.KeyValueRepository
2023-06-29 16:44:42 - Spring Data Redis - Could not safely identify store assignment for repository candidate interface com.cybersoft.cozastore.repository.OrderDetailRepository; If you want this repository to be a Redis repository, consider annotating your entities with one of these annotations: org.springframework.data.redis.core.RedisHash (preferred), or consider extending one of the following types with your repository: org.springframework.data.keyvalue.repository.KeyValueRepository
2023-06-29 16:44:42 - Spring Data Redis - Could not safely identify store assignment for repository candidate interface com.cybersoft.cozastore.repository.OrderRepository; If you want this repository to be a Redis repository, consider annotating your entities with one of these annotations: org.springframework.data.redis.core.RedisHash (preferred), or consider extending one of the following types with your repository: org.springframework.data.keyvalue.repository.KeyValueRepository
2023-06-29 16:44:42 - Spring Data Redis - Could not safely identify store assignment for repository candidate interface com.cybersoft.cozastore.repository.ProductRepository; If you want this repository to be a Redis repository, consider annotating your entities with one of these annotations: org.springframework.data.redis.core.RedisHash (preferred), or consider extending one of the following types with your repository: org.springframework.data.keyvalue.repository.KeyValueRepository
2023-06-29 16:44:42 - Spring Data Redis - Could not safely identify store assignment for repository candidate interface com.cybersoft.cozastore.repository.SizeRepository; If you want this repository to be a Redis repository, consider annotating your entities with one of these annotations: org.springframework.data.redis.core.RedisHash (preferred), or consider extending one of the following types with your repository: org.springframework.data.keyvalue.repository.KeyValueRepository
2023-06-29 16:44:42 - Spring Data Redis - Could not safely identify store assignment for repository candidate interface com.cybersoft.cozastore.repository.UserRepository; If you want this repository to be a Redis repository, consider annotating your entities with one of these annotations: org.springframework.data.redis.core.RedisHash (preferred), or consider extending one of the following types with your repository: org.springframework.data.keyvalue.repository.KeyValueRepository
2023-06-29 16:44:42 - Finished Spring Data repository scanning in 6 ms. Found 0 Redis repository interfaces.
2023-06-29 16:44:42 - Tomcat initialized with port(s): 8080 (http)
2023-06-29 16:44:42 - Initializing ProtocolHandler ["http-nio-8080"]
2023-06-29 16:44:42 - Starting service [Tomcat]
2023-06-29 16:44:42 - Starting Servlet engine: [Apache Tomcat/9.0.74]
2023-06-29 16:44:42 - Initializing Spring embedded WebApplicationContext
2023-06-29 16:44:42 - Root WebApplicationContext: initialization completed in 1460 ms
2023-06-29 16:44:43 - HikariPool-1 - Starting...
2023-06-29 16:44:43 - HikariPool-1 - Start completed.
2023-06-29 16:44:44 - Initialized JPA EntityManagerFactory for persistence unit 'default'
2023-06-29 16:44:44 - Will secure any request with [org.springframework.security.web.session.DisableEncodeUrlFilter@343cad4a, org.springframework.security.web.context.request.async.WebAsyncManagerIntegrationFilter@17a5adb6, org.springframework.security.web.context.SecurityContextPersistenceFilter@577149ef, org.springframework.security.web.header.HeaderWriterFilter@72a8be2b, org.springframework.security.web.authentication.logout.LogoutFilter@3c14f51b, com.cybersoft.cozastore.filter.JwtFilter@4f6bcb35, org.springframework.security.web.savedrequest.RequestCacheAwareFilter@5735ac36, org.springframework.security.web.servletapi.SecurityContextHolderAwareRequestFilter@244990e3, org.springframework.security.web.authentication.AnonymousAuthenticationFilter@23f1b62c, org.springframework.security.web.session.SessionManagementFilter@652511da, org.springframework.security.web.access.ExceptionTranslationFilter@1b36171c, org.springframework.security.web.access.intercept.AuthorizationFilter@63180447]
2023-06-29 16:44:44 - spring.jpa.open-in-view is enabled by default. Therefore, database queries may be performed during view rendering. Explicitly configure spring.jpa.open-in-view to disable this warning
2023-06-29 16:44:44 - LiveReload server is running on port 35729
2023-06-29 16:44:44 - Starting ProtocolHandler ["http-nio-8080"]
2023-06-29 16:44:44 - Tomcat started on port(s): 8080 (http) with context path ''
2023-06-29 16:44:44 - Started CozastoreApplication in 3.662 seconds (JVM running for 4.192)
2023-06-29 16:49:05 - Initializing Spring DispatcherServlet 'dispatcherServlet'
2023-06-29 16:49:05 - Initializing Servlet 'dispatcherServlet'
2023-06-29 16:49:05 - Completed initialization in 0 ms
2023-06-29 16:49:06 - Resolved [org.springframework.data.redis.serializer.SerializationException: Cannot serialize; nested exception is org.springframework.core.serializer.support.SerializationFailedException: Failed to serialize object using DefaultSerializer; nested exception is java.io.NotSerializableException: com.cybersoft.cozastore.payload.response.ProductResponse]
2023-06-29 16:49:48 - Resolved [org.springframework.data.redis.serializer.SerializationException: Cannot serialize; nested exception is org.springframework.core.serializer.support.SerializationFailedException: Failed to serialize object using DefaultSerializer; nested exception is java.io.NotSerializableException: com.cybersoft.cozastore.payload.response.ProductResponse]
2023-06-29 16:51:33 - Closing JPA EntityManagerFactory for persistence unit 'default'
2023-06-29 16:51:33 - HikariPool-1 - Shutdown initiated...
2023-06-29 16:51:33 - HikariPool-1 - Shutdown completed.
2023-06-29 16:51:37 - Starting CozastoreApplication using Java 17.0.7 on DESKTOP-SV59J3J with PID 14572 (D:\CyberSoft-20230506T043821Z-001\CyberSoft\Spring\10-05-2023-06-34-44-cozastore-3\cozastore\target\classes started by KietDev in D:\CyberSoft-20230506T043821Z-001\CyberSoft\Spring\10-05-2023-06-34-44-cozastore-3\cozastore)
2023-06-29 16:51:37 - No active profile set, falling back to 1 default profile: "default"
2023-06-29 16:51:37 - Devtools property defaults active! Set 'spring.devtools.add-properties' to 'false' to disable
2023-06-29 16:51:37 - For additional web related logging consider setting the 'logging.level.web' property to 'DEBUG'
2023-06-29 16:51:37 - Multiple Spring Data modules found, entering strict repository configuration mode
2023-06-29 16:51:37 - Bootstrapping Spring Data JPA repositories in DEFAULT mode.
2023-06-29 16:51:37 - Finished Spring Data repository scanning in 91 ms. Found 7 JPA repository interfaces.
2023-06-29 16:51:37 - Multiple Spring Data modules found, entering strict repository configuration mode
2023-06-29 16:51:37 - Bootstrapping Spring Data Redis repositories in DEFAULT mode.
2023-06-29 16:51:37 - Spring Data Redis - Could not safely identify store assignment for repository candidate interface com.cybersoft.cozastore.repository.CategoryRepository; If you want this repository to be a Redis repository, consider annotating your entities with one of these annotations: org.springframework.data.redis.core.RedisHash (preferred), or consider extending one of the following types with your repository: org.springframework.data.keyvalue.repository.KeyValueRepository
2023-06-29 16:51:37 - Spring Data Redis - Could not safely identify store assignment for repository candidate interface com.cybersoft.cozastore.repository.ColorRepository; If you want this repository to be a Redis repository, consider annotating your entities with one of these annotations: org.springframework.data.redis.core.RedisHash (preferred), or consider extending one of the following types with your repository: org.springframework.data.keyvalue.repository.KeyValueRepository
2023-06-29 16:51:37 - Spring Data Redis - Could not safely identify store assignment for repository candidate interface com.cybersoft.cozastore.repository.OrderDetailRepository; If you want this repository to be a Redis repository, consider annotating your entities with one of these annotations: org.springframework.data.redis.core.RedisHash (preferred), or consider extending one of the following types with your repository: org.springframework.data.keyvalue.repository.KeyValueRepository
2023-06-29 16:51:37 - Spring Data Redis - Could not safely identify store assignment for repository candidate interface com.cybersoft.cozastore.repository.OrderRepository; If you want this repository to be a Redis repository, consider annotating your entities with one of these annotations: org.springframework.data.redis.core.RedisHash (preferred), or consider extending one of the following types with your repository: org.springframework.data.keyvalue.repository.KeyValueRepository
2023-06-29 16:51:37 - Spring Data Redis - Could not safely identify store assignment for repository candidate interface com.cybersoft.cozastore.repository.ProductRepository; If you want this repository to be a Redis repository, consider annotating your entities with one of these annotations: org.springframework.data.redis.core.RedisHash (preferred), or consider extending one of the following types with your repository: org.springframework.data.keyvalue.repository.KeyValueRepository
2023-06-29 16:51:37 - Spring Data Redis - Could not safely identify store assignment for repository candidate interface com.cybersoft.cozastore.repository.SizeRepository; If you want this repository to be a Redis repository, consider annotating your entities with one of these annotations: org.springframework.data.redis.core.RedisHash (preferred), or consider extending one of the following types with your repository: org.springframework.data.keyvalue.repository.KeyValueRepository
2023-06-29 16:51:37 - Spring Data Redis - Could not safely identify store assignment for repository candidate interface com.cybersoft.cozastore.repository.UserRepository; If you want this repository to be a Redis repository, consider annotating your entities with one of these annotations: org.springframework.data.redis.core.RedisHash (preferred), or consider extending one of the following types with your repository: org.springframework.data.keyvalue.repository.KeyValueRepository
2023-06-29 16:51:37 - Finished Spring Data repository scanning in 5 ms. Found 0 Redis repository interfaces.
2023-06-29 16:51:38 - Tomcat initialized with port(s): 8080 (http)
2023-06-29 16:51:38 - Initializing ProtocolHandler ["http-nio-8080"]
2023-06-29 16:51:38 - Starting service [Tomcat]
2023-06-29 16:51:38 - Starting Servlet engine: [Apache Tomcat/9.0.74]
2023-06-29 16:51:38 - Initializing Spring embedded WebApplicationContext
2023-06-29 16:51:38 - Root WebApplicationContext: initialization completed in 1056 ms
2023-06-29 16:51:38 - HikariPool-1 - Starting...
2023-06-29 16:51:38 - HikariPool-1 - Start completed.
2023-06-29 16:51:39 - Initialized JPA EntityManagerFactory for persistence unit 'default'
2023-06-29 16:51:39 - Will secure any request with [org.springframework.security.web.session.DisableEncodeUrlFilter@72ff7b2d, org.springframework.security.web.context.request.async.WebAsyncManagerIntegrationFilter@67b6f383, org.springframework.security.web.context.SecurityContextPersistenceFilter@93e0c93, org.springframework.security.web.header.HeaderWriterFilter@79d89284, org.springframework.security.web.authentication.logout.LogoutFilter@244990e3, com.cybersoft.cozastore.filter.JwtFilter@4561470, org.springframework.security.web.savedrequest.RequestCacheAwareFilter@3ecd7e8f, org.springframework.security.web.servletapi.SecurityContextHolderAwareRequestFilter@6c59e679, org.springframework.security.web.authentication.AnonymousAuthenticationFilter@23a37cea, org.springframework.security.web.session.SessionManagementFilter@771336a0, org.springframework.security.web.access.ExceptionTranslationFilter@47ed22e1, org.springframework.security.web.access.intercept.AuthorizationFilter@794d822b]
2023-06-29 16:51:39 - spring.jpa.open-in-view is enabled by default. Therefore, database queries may be performed during view rendering. Explicitly configure spring.jpa.open-in-view to disable this warning
2023-06-29 16:51:39 - LiveReload server is running on port 35729
2023-06-29 16:51:40 - Starting ProtocolHandler ["http-nio-8080"]
2023-06-29 16:51:40 - Tomcat started on port(s): 8080 (http) with context path ''
2023-06-29 16:51:40 - Started CozastoreApplication in 3.206 seconds (JVM running for 3.758)
2023-06-29 16:52:37 - Closing JPA EntityManagerFactory for persistence unit 'default'
2023-06-29 16:52:37 - HikariPool-1 - Shutdown initiated...
2023-06-29 16:52:37 - HikariPool-1 - Shutdown completed.
2023-06-29 16:52:41 - Starting CozastoreApplication using Java 17.0.7 on DESKTOP-SV59J3J with PID 9180 (D:\CyberSoft-20230506T043821Z-001\CyberSoft\Spring\10-05-2023-06-34-44-cozastore-3\cozastore\target\classes started by KietDev in D:\CyberSoft-20230506T043821Z-001\CyberSoft\Spring\10-05-2023-06-34-44-cozastore-3\cozastore)
2023-06-29 16:52:41 - No active profile set, falling back to 1 default profile: "default"
2023-06-29 16:52:41 - Devtools property defaults active! Set 'spring.devtools.add-properties' to 'false' to disable
2023-06-29 16:52:41 - For additional web related logging consider setting the 'logging.level.web' property to 'DEBUG'
2023-06-29 16:52:41 - Multiple Spring Data modules found, entering strict repository configuration mode
2023-06-29 16:52:41 - Bootstrapping Spring Data JPA repositories in DEFAULT mode.
2023-06-29 16:52:41 - Finished Spring Data repository scanning in 100 ms. Found 7 JPA repository interfaces.
2023-06-29 16:52:41 - Multiple Spring Data modules found, entering strict repository configuration mode
2023-06-29 16:52:41 - Bootstrapping Spring Data Redis repositories in DEFAULT mode.
2023-06-29 16:52:41 - Spring Data Redis - Could not safely identify store assignment for repository candidate interface com.cybersoft.cozastore.repository.CategoryRepository; If you want this repository to be a Redis repository, consider annotating your entities with one of these annotations: org.springframework.data.redis.core.RedisHash (preferred), or consider extending one of the following types with your repository: org.springframework.data.keyvalue.repository.KeyValueRepository
2023-06-29 16:52:41 - Spring Data Redis - Could not safely identify store assignment for repository candidate interface com.cybersoft.cozastore.repository.ColorRepository; If you want this repository to be a Redis repository, consider annotating your entities with one of these annotations: org.springframework.data.redis.core.RedisHash (preferred), or consider extending one of the following types with your repository: org.springframework.data.keyvalue.repository.KeyValueRepository
2023-06-29 16:52:41 - Spring Data Redis - Could not safely identify store assignment for repository candidate interface com.cybersoft.cozastore.repository.OrderDetailRepository; If you want this repository to be a Redis repository, consider annotating your entities with one of these annotations: org.springframework.data.redis.core.RedisHash (preferred), or consider extending one of the following types with your repository: org.springframework.data.keyvalue.repository.KeyValueRepository
2023-06-29 16:52:41 - Spring Data Redis - Could not safely identify store assignment for repository candidate interface com.cybersoft.cozastore.repository.OrderRepository; If you want this repository to be a Redis repository, consider annotating your entities with one of these annotations: org.springframework.data.redis.core.RedisHash (preferred), or consider extending one of the following types with your repository: org.springframework.data.keyvalue.repository.KeyValueRepository
2023-06-29 16:52:41 - Spring Data Redis - Could not safely identify store assignment for repository candidate interface com.cybersoft.cozastore.repository.ProductRepository; If you want this repository to be a Redis repository, consider annotating your entities with one of these annotations: org.springframework.data.redis.core.RedisHash (preferred), or consider extending one of the following types with your repository: org.springframework.data.keyvalue.repository.KeyValueRepository
2023-06-29 16:52:41 - Spring Data Redis - Could not safely identify store assignment for repository candidate interface com.cybersoft.cozastore.repository.SizeRepository; If you want this repository to be a Redis repository, consider annotating your entities with one of these annotations: org.springframework.data.redis.core.RedisHash (preferred), or consider extending one of the following types with your repository: org.springframework.data.keyvalue.repository.KeyValueRepository
2023-06-29 16:52:41 - Spring Data Redis - Could not safely identify store assignment for repository candidate interface com.cybersoft.cozastore.repository.UserRepository; If you want this repository to be a Redis repository, consider annotating your entities with one of these annotations: org.springframework.data.redis.core.RedisHash (preferred), or consider extending one of the following types with your repository: org.springframework.data.keyvalue.repository.KeyValueRepository
2023-06-29 16:52:41 - Finished Spring Data repository scanning in 6 ms. Found 0 Redis repository interfaces.
2023-06-29 16:52:42 - Tomcat initialized with port(s): 8080 (http)
2023-06-29 16:52:42 - Initializing ProtocolHandler ["http-nio-8080"]
2023-06-29 16:52:42 - Starting service [Tomcat]
2023-06-29 16:52:42 - Starting Servlet engine: [Apache Tomcat/9.0.74]
2023-06-29 16:52:42 - Initializing Spring embedded WebApplicationContext
2023-06-29 16:52:42 - Root WebApplicationContext: initialization completed in 1155 ms
2023-06-29 16:52:42 - HikariPool-1 - Starting...
2023-06-29 16:52:42 - HikariPool-1 - Start completed.
2023-06-29 16:52:43 - Initialized JPA EntityManagerFactory for persistence unit 'default'
2023-06-29 16:52:43 - Will secure any request with [org.springframework.security.web.session.DisableEncodeUrlFilter@47630827, org.springframework.security.web.context.request.async.WebAsyncManagerIntegrationFilter@448934f2, org.springframework.security.web.context.SecurityContextPersistenceFilter@4b39dc95, org.springframework.security.web.header.HeaderWriterFilter@167d1200, org.springframework.security.web.authentication.logout.LogoutFilter@625f4cef, com.cybersoft.cozastore.filter.JwtFilter@6d878564, org.springframework.security.web.savedrequest.RequestCacheAwareFilter@75d5504, org.springframework.security.web.servletapi.SecurityContextHolderAwareRequestFilter@7ea99a43, org.springframework.security.web.authentication.AnonymousAuthenticationFilter@3de4f969, org.springframework.security.web.session.SessionManagementFilter@44777eb7, org.springframework.security.web.access.ExceptionTranslationFilter@20815e6f, org.springframework.security.web.access.intercept.AuthorizationFilter@30866df4]
2023-06-29 16:52:43 - spring.jpa.open-in-view is enabled by default. Therefore, database queries may be performed during view rendering. Explicitly configure spring.jpa.open-in-view to disable this warning
2023-06-29 16:52:44 - LiveReload server is running on port 35729
2023-06-29 16:52:44 - Starting ProtocolHandler ["http-nio-8080"]
2023-06-29 16:52:44 - Tomcat started on port(s): 8080 (http) with context path ''
2023-06-29 16:52:44 - Started CozastoreApplication in 3.386 seconds (JVM running for 3.91)
2023-06-29 16:53:42 - Initializing Spring DispatcherServlet 'dispatcherServlet'
2023-06-29 16:53:42 - Initializing Servlet 'dispatcherServlet'
2023-06-29 16:53:42 - Completed initialization in 1 ms
2023-06-29 16:55:33 - Closing JPA EntityManagerFactory for persistence unit 'default'
2023-06-29 16:55:33 - HikariPool-1 - Shutdown initiated...
2023-06-29 16:55:33 - HikariPool-1 - Shutdown completed.
